<?xml version="1.0" encoding="UTF-8"?>
<testng-results skipped="0" failed="0" total="1" passed="1">
  <reporter-output>
  </reporter-output>
  <suite name="Command line suite" duration-ms="15" started-at="2017-10-27T03:39:26Z" finished-at="2017-10-27T03:39:26Z">
    <groups>
    </groups>
    <test name="Command line test" duration-ms="15" started-at="2017-10-27T03:39:26Z" finished-at="2017-10-27T03:39:26Z">
      <class name="com.pack.com.ranford.AppTest">
        <test-method status="PASS" signature="testApp()[pri:0, instance:testApp(com.pack.com.ranford.AppTest)]" name="testApp" duration-ms="1" started-at="2017-10-27T09:09:26Z" finished-at="2017-10-27T09:09:26Z">
          <reporter-output>
          </reporter-output>
        </test-method> <!-- testApp -->
      </class> <!-- com.pack.com.ranford.AppTest -->
    </test> <!-- Command line test -->
  </suite> <!-- Command line suite -->
</testng-results>
