<?xml version="1.0" encoding="UTF-8"?>
<!-- Generated by org.testng.reporters.JUnitXMLReporter -->
<testsuite hostname="DESKTOP-CLNTO3U" name="Test" tests="7" failures="0" timestamp="19 Nov 2017 10:42:50 GMT" time="126.339" errors="0">
  <testcase name="Verifylogin" time="4.864" classname="com.pack.com.ranford.TestExecution"/>
  <testcase name="Verifybranches" time="1.297" classname="com.pack.com.ranford.TestExecution"/>
  <testcase name="Verifysearchbranches" time="3.125" classname="com.pack.com.ranford.TestExecution"/>
  <testcase name="excelcontent" time="38.519" classname="com.pack.com.ranford.TestExecution"/>
  <testcase name="excelrolecontent" time="14.031" classname="com.pack.com.ranford.TestExecution"/>
  <testcase name="excelemployeescontent" time="37.73" classname="com.pack.com.ranford.TestExecution"/>
  <testcase name="Verifybrowserclose" time="2.048" classname="com.pack.com.ranford.TestExecution"/>
</testsuite> <!-- Test -->
