<?xml version="1.0" encoding="UTF-8"?>
<testng-results skipped="0" failed="0" total="8" passed="8">
  <reporter-output>
  </reporter-output>
  <suite name="Command line suite" duration-ms="31579" started-at="2017-10-27T03:38:54Z" finished-at="2017-10-27T03:39:25Z">
    <groups>
    </groups>
    <test name="Command line test" duration-ms="31579" started-at="2017-10-27T03:38:54Z" finished-at="2017-10-27T03:39:25Z">
      <class name="com.pack.com.ranford.TestExecution">
        <test-method status="PASS" signature="Verifybrowserlaunch()[pri:0, instance:com.pack.com.ranford.TestExecution@3f2a3a5]" name="Verifybrowserlaunch" duration-ms="7570" started-at="2017-10-27T09:08:54Z" finished-at="2017-10-27T09:09:01Z">
          <reporter-output>
          </reporter-output>
        </test-method> <!-- Verifybrowserlaunch -->
        <test-method status="PASS" signature="Verifylogin()[pri:1, instance:com.pack.com.ranford.TestExecution@3f2a3a5]" name="Verifylogin" duration-ms="2529" started-at="2017-10-27T09:09:01Z" finished-at="2017-10-27T09:09:04Z">
          <reporter-output>
          </reporter-output>
        </test-method> <!-- Verifylogin -->
        <test-method status="PASS" signature="Verifybranches()[pri:2, instance:com.pack.com.ranford.TestExecution@3f2a3a5]" name="Verifybranches" duration-ms="921" started-at="2017-10-27T09:09:04Z" finished-at="2017-10-27T09:09:05Z">
          <reporter-output>
          </reporter-output>
        </test-method> <!-- Verifybranches -->
        <test-method status="PASS" signature="Verifysearchbranches()[pri:3, instance:com.pack.com.ranford.TestExecution@3f2a3a5]" name="Verifysearchbranches" duration-ms="2394" started-at="2017-10-27T09:09:05Z" finished-at="2017-10-27T09:09:07Z">
          <reporter-output>
          </reporter-output>
        </test-method> <!-- Verifysearchbranches -->
        <test-method status="PASS" signature="Verifynewbranche()[pri:4, instance:com.pack.com.ranford.TestExecution@3f2a3a5]" name="Verifynewbranche" duration-ms="4163" started-at="2017-10-27T09:09:07Z" finished-at="2017-10-27T09:09:11Z">
          <reporter-output>
          </reporter-output>
        </test-method> <!-- Verifynewbranche -->
        <test-method status="PASS" signature="VerifyNewRole()[pri:5, instance:com.pack.com.ranford.TestExecution@3f2a3a5]" name="VerifyNewRole" duration-ms="3661" started-at="2017-10-27T09:09:11Z" finished-at="2017-10-27T09:09:15Z">
          <reporter-output>
          </reporter-output>
        </test-method> <!-- VerifyNewRole -->
        <test-method status="PASS" signature="VerifyEmpCreation()[pri:6, instance:com.pack.com.ranford.TestExecution@3f2a3a5]" name="VerifyEmpCreation" duration-ms="8870" started-at="2017-10-27T09:09:15Z" finished-at="2017-10-27T09:09:24Z">
          <reporter-output>
          </reporter-output>
        </test-method> <!-- VerifyEmpCreation -->
        <test-method status="PASS" signature="Verifybrowserclose()[pri:10, instance:com.pack.com.ranford.TestExecution@3f2a3a5]" name="Verifybrowserclose" duration-ms="1435" started-at="2017-10-27T09:09:24Z" finished-at="2017-10-27T09:09:25Z">
          <reporter-output>
          </reporter-output>
        </test-method> <!-- Verifybrowserclose -->
      </class> <!-- com.pack.com.ranford.TestExecution -->
    </test> <!-- Command line test -->
  </suite> <!-- Command line suite -->
</testng-results>
