<?xml version="1.0" encoding="UTF-8"?>
<!-- Generated by org.testng.reporters.JUnitXMLReporter -->
<testsuite hostname="DESKTOP-CLNTO3U" name="Command line test" tests="8" failures="0" timestamp="27 Oct 2017 03:39:25 GMT" time="31.579" errors="0">
  <testcase name="Verifybrowserlaunch" time="7.57" classname="com.pack.com.ranford.TestExecution"/>
  <testcase name="Verifylogin" time="2.529" classname="com.pack.com.ranford.TestExecution"/>
  <testcase name="Verifybranches" time="0.921" classname="com.pack.com.ranford.TestExecution"/>
  <testcase name="Verifysearchbranches" time="2.394" classname="com.pack.com.ranford.TestExecution"/>
  <testcase name="Verifynewbranche" time="4.163" classname="com.pack.com.ranford.TestExecution"/>
  <testcase name="VerifyNewRole" time="3.661" classname="com.pack.com.ranford.TestExecution"/>
  <testcase name="VerifyEmpCreation" time="8.87" classname="com.pack.com.ranford.TestExecution"/>
  <testcase name="Verifybrowserclose" time="1.435" classname="com.pack.com.ranford.TestExecution"/>
</testsuite> <!-- Command line test -->
