<?xml version="1.0" encoding="UTF-8" ?>
<testsuite tests="9" failures="0" name="TestSuite" time="33.53" errors="0" skipped="0">
  <properties>
[...]
</properties>
  <testcase classname="com.pack.com.ranford.TestExecution" name="Verifybrowserlaunch" time="7.573"/>
  <testcase classname="com.pack.com.ranford.TestExecution" name="Verifylogin" time="2.531"/>
  <testcase classname="com.pack.com.ranford.TestExecution" name="Verifybranches" time="0.914"/>
  <testcase classname="com.pack.com.ranford.TestExecution" name="Verifysearchbranches" time="2.398"/>
  <testcase classname="com.pack.com.ranford.TestExecution" name="Verifynewbranche" time="4.166"/>
  <testcase classname="com.pack.com.ranford.TestExecution" name="VerifyNewRole" time="3.662"/>
  <testcase classname="com.pack.com.ranford.TestExecution" name="VerifyEmpCreation" time="8.868"/>
  <testcase classname="com.pack.com.ranford.TestExecution" name="Verifybrowserclose" time="1.435"/>
  <testcase classname="com.pack.com.ranford.AppTest" name="testApp on testApp(com.pack.com.ranford.AppTest)" time="1.983"/>
</testsuite>