<?xml version="1.0" encoding="UTF-8"?>
<testng-results skipped="0" failed="0" total="7" passed="7">
  <reporter-output>
  </reporter-output>
  <suite name="Suite" duration-ms="126339" started-at="2017-11-19T10:40:44Z" finished-at="2017-11-19T10:42:50Z">
    <groups>
    </groups>
    <test name="Test" duration-ms="126339" started-at="2017-11-19T10:40:44Z" finished-at="2017-11-19T10:42:50Z">
      <class name="com.pack.com.ranford.TestExecution">
        <test-method status="PASS" signature="Verifybrowserlaunch(java.lang.String)[pri:0, instance:com.pack.com.ranford.TestExecution@77caeb3e]" name="Verifybrowserlaunch" is-config="true" duration-ms="24597" started-at="2017-11-19T16:10:44Z" finished-at="2017-11-19T16:11:08Z">
          <params>
            <param index="0">
              <value>
                <![CDATA[chrome]]>
              </value>
            </param>
          </params>
          <reporter-output>
          </reporter-output>
        </test-method> <!-- Verifybrowserlaunch -->
        <test-method status="PASS" signature="Verifylogin()[pri:1, instance:com.pack.com.ranford.TestExecution@77caeb3e]" name="Verifylogin" duration-ms="4864" started-at="2017-11-19T16:11:08Z" finished-at="2017-11-19T16:11:13Z">
          <reporter-output>
          </reporter-output>
        </test-method> <!-- Verifylogin -->
        <test-method status="PASS" signature="Verifybranches()[pri:2, instance:com.pack.com.ranford.TestExecution@77caeb3e]" name="Verifybranches" duration-ms="1297" started-at="2017-11-19T16:11:13Z" finished-at="2017-11-19T16:11:14Z">
          <reporter-output>
          </reporter-output>
        </test-method> <!-- Verifybranches -->
        <test-method status="PASS" signature="Verifysearchbranches()[pri:3, instance:com.pack.com.ranford.TestExecution@77caeb3e]" name="Verifysearchbranches" duration-ms="3125" started-at="2017-11-19T16:11:14Z" finished-at="2017-11-19T16:11:17Z">
          <reporter-output>
          </reporter-output>
        </test-method> <!-- Verifysearchbranches -->
        <test-method status="PASS" signature="excelcontent()[pri:4, instance:com.pack.com.ranford.TestExecution@77caeb3e]" name="excelcontent" duration-ms="38519" started-at="2017-11-19T16:11:17Z" finished-at="2017-11-19T16:11:56Z">
          <reporter-output>
          </reporter-output>
        </test-method> <!-- excelcontent -->
        <test-method status="PASS" signature="excelrolecontent()[pri:5, instance:com.pack.com.ranford.TestExecution@77caeb3e]" name="excelrolecontent" duration-ms="14031" started-at="2017-11-19T16:11:56Z" finished-at="2017-11-19T16:12:10Z">
          <reporter-output>
          </reporter-output>
        </test-method> <!-- excelrolecontent -->
        <test-method status="PASS" signature="excelemployeescontent()[pri:6, instance:com.pack.com.ranford.TestExecution@77caeb3e]" name="excelemployeescontent" duration-ms="37730" started-at="2017-11-19T16:12:10Z" finished-at="2017-11-19T16:12:48Z">
          <reporter-output>
          </reporter-output>
        </test-method> <!-- excelemployeescontent -->
        <test-method status="PASS" signature="Verifybrowserclose()[pri:10, instance:com.pack.com.ranford.TestExecution@77caeb3e]" name="Verifybrowserclose" duration-ms="2048" started-at="2017-11-19T16:12:48Z" finished-at="2017-11-19T16:12:50Z">
          <reporter-output>
          </reporter-output>
        </test-method> <!-- Verifybrowserclose -->
      </class> <!-- com.pack.com.ranford.TestExecution -->
    </test> <!-- Test -->
  </suite> <!-- Suite -->
</testng-results>
